<?xml version="1.0" encoding="UTF-8"?>
<testsuite name="org.xxpay.dubbo.service.PayServiceTest" time="0.282" tests="8" errors="4" skipped="0" failures="0">
  <properties>
[...]
</properties>
  <testcase name="tesGetWxRefundReq" classname="org.xxpay.dubbo.service.PayServiceTest" time="0.237"/>
  <testcase name="testDoWxTransReq" classname="org.xxpay.dubbo.service.PayServiceTest" time="0.013"/>
  <testcase name="testDoAliRefundReq" classname="org.xxpay.dubbo.service.PayServiceTest" time="0.01">
    <error type="java.lang.NullPointerException:">java.lang.NullPointerException: null
	at org.xxpay.dubbo.service.impl.PayChannel4AliServiceImpl.doAliRefundReq(PayChannel4AliServiceImpl.java:421)
	at org.xxpay.dubbo.service.PayServiceTest.testDoAliRefundReq(PayServiceTest.java:82)
</error>
    <system-out><![CDATA[2019-10-28 01:21:06.174  INFO 21630 --- [           main] trationDelegate$BeanPostProcessorChecker : Bean 'org.xxpay.dubbo.service.PayServiceTest' of type [org.xxpay.dubbo.service.PayServiceTest] is not eligible for getting processed by all BeanPostProcessors (for example: not eligible for auto-proxying)
]]></system-out>
  </testcase>
  <testcase name="testGetWxTransReq" classname="org.xxpay.dubbo.service.PayServiceTest" time="0.005"/>
  <testcase name="testDoAliTransReq" classname="org.xxpay.dubbo.service.PayServiceTest" time="0.004">
    <error type="java.lang.NullPointerException:">java.lang.NullPointerException: null
	at org.xxpay.dubbo.service.impl.PayChannel4AliServiceImpl.doAliTransReq(PayChannel4AliServiceImpl.java:324)
	at org.xxpay.dubbo.service.PayServiceTest.testDoAliTransReq(PayServiceTest.java:47)
</error>
    <system-out><![CDATA[2019-10-28 01:21:06.189  INFO 21630 --- [           main] trationDelegate$BeanPostProcessorChecker : Bean 'org.xxpay.dubbo.service.PayServiceTest' of type [org.xxpay.dubbo.service.PayServiceTest] is not eligible for getting processed by all BeanPostProcessors (for example: not eligible for auto-proxying)
]]></system-out>
  </testcase>
  <testcase name="testGetAliTransReq" classname="org.xxpay.dubbo.service.PayServiceTest" time="0.004">
    <error type="java.lang.NullPointerException:">java.lang.NullPointerException: null
	at org.xxpay.dubbo.service.impl.PayChannel4AliServiceImpl.getAliTransReq(PayChannel4AliServiceImpl.java:376)
	at org.xxpay.dubbo.service.PayServiceTest.testGetAliTransReq(PayServiceTest.java:62)
</error>
    <system-out><![CDATA[2019-10-28 01:21:06.194  INFO 21630 --- [           main] trationDelegate$BeanPostProcessorChecker : Bean 'org.xxpay.dubbo.service.PayServiceTest' of type [org.xxpay.dubbo.service.PayServiceTest] is not eligible for getting processed by all BeanPostProcessors (for example: not eligible for auto-proxying)
]]></system-out>
  </testcase>
  <testcase name="testDoWxRefundReq" classname="org.xxpay.dubbo.service.PayServiceTest" time="0.005"/>
  <testcase name="testetAliRefundReq" classname="org.xxpay.dubbo.service.PayServiceTest" time="0.004">
    <error type="java.lang.NullPointerException:">java.lang.NullPointerException: null
	at org.xxpay.dubbo.service.impl.PayChannel4AliServiceImpl.getAliRefundReq(PayChannel4AliServiceImpl.java:470)
	at org.xxpay.dubbo.service.PayServiceTest.testetAliRefundReq(PayServiceTest.java:102)
</error>
    <system-out><![CDATA[2019-10-28 01:21:06.203  INFO 21630 --- [           main] trationDelegate$BeanPostProcessorChecker : Bean 'org.xxpay.dubbo.service.PayServiceTest' of type [org.xxpay.dubbo.service.PayServiceTest] is not eligible for getting processed by all BeanPostProcessors (for example: not eligible for auto-proxying)
]]></system-out>
  </testcase>
</testsuite>